<?xml version='1.0'?>
<ns2:test-suite xmlns:ns2='urn:model.allure.qatools.yandex.ru' start='1662162294541' stop='1662162296906'>
    <name>Home page</name>
    <title>Home page</title>
    <test-cases>
        <test-case start='1662162294560' status='failed' stop='1662162296902'>
            <name>Verify there are 46 links on the landing page</name>
            <title>Verify there are 46 links on the landing page</title>
            <labels>
                <label name='language' value='javascript'/>
                <label name='framework' value='wdio'/>
                <label name='thread' value='1-2'/>
            </labels>
            <parameters>
                <parameter kind='argument' name='browser' value='firefox-104.0.1'/>
            </parameters>
            <steps>
                <step start='1662162294564' status='passed' stop='1662162296057'>
                    <name>Given I am on facebook homepage</name>
                    <title>Given I am on facebook homepage</title>
                    <attachments/>
                    <steps/>
                </step>
                <step start='1662162296057' status='failed' stop='1662162296901'>
                    <name>Then I verify 45 links on the homepage</name>
                    <title>Then I verify 45 links on the homepage</title>
                    <attachments/>
                    <steps/>
                </step>
            </steps>
            <attachments/>
            <failure>
                <message>AssertionError: Links of Homepage is not as expected: expected 46 to equal 45</message>
                <stack-trace>AssertionError: Links of Homepage is not as expected: expected 46 to equal 45
                    + expected - actual
                
                    -46
                    +45
                
                    at World.&lt;anonymous> (/Users/deepaksharma/Documents/git/Js-Summer-Cucumber-2022/step-definitions/Facebook/loginSD.js:87:69)</stack-trace>
            </failure>
        </test-case>
    </test-cases>
</ns2:test-suite>